<?xml version="1.0" encoding="UTF-8"?>
<!-- Generated by org.testng.reporters.JUnitXMLReporter -->
<testsuite hostname="MAC-LAP-101" name="Command line test" tests="2" failures="1" timestamp="14 Aug 2018 05:03:22 GMT" time="44.007" errors="0">
  <testcase name="Invalid" time="19.456" classname="com.macrosoftinc.automation.LoginTest">
    <failure type="java.lang.AssertionError" message="expected [My Title] but found [eDriver Client Application]">
      <![CDATA[java.lang.AssertionError: expected [My Title] but found [eDriver Client Application]
	at com.macrosoftinc.automation.LoginTest.Invalid(LoginTest.java:43)
... Removed 38 stack frames]]>
    </failure>
  </testcase> <!-- Invalid -->
  <testcase name="Valid" time="24.529" classname="com.macrosoftinc.automation.LoginTest"/>
</testsuite> <!-- Command line test -->
