<?xml version="1.0" encoding="UTF-8"?>
<testng-results skipped="0" failed="0" ignored="0" total="1" passed="1">
  <reporter-output>
  </reporter-output>
  <suite name="com.macrosoftinc.automation.LoginTest" duration-ms="14918" started-at="2018-07-30T05:48:25Z" finished-at="2018-07-30T05:48:40Z">
    <groups>
    </groups>
    <test name="Command line test" duration-ms="14918" started-at="2018-07-30T05:48:25Z" finished-at="2018-07-30T05:48:40Z">
      <class name="com.macrosoftinc.automation.LoginTest">
        <test-method status="PASS" signature="LoginClient()[pri:0, instance:com.macrosoftinc.automation.LoginTest@67b64c45]" name="LoginClient" duration-ms="14894" started-at="2018-07-30T05:48:25Z" finished-at="2018-07-30T05:48:40Z">
          <reporter-output>
          </reporter-output>
        </test-method> <!-- LoginClient -->
      </class> <!-- com.macrosoftinc.automation.LoginTest -->
    </test> <!-- Command line test -->
  </suite> <!-- com.macrosoftinc.automation.LoginTest -->
</testng-results>
