<?xml version="1.0" encoding="UTF-8" ?>
<testsuite tests="2" failures="1" name="com.macrosoftinc.automation.LoginTest" time="29.781" errors="0" skipped="0">
  <properties>
[...]
</properties>
  <testcase classname="com.macrosoftinc.automation.LoginTest" name="LoginCase1" time="19.559"/>
  <testcase classname="com.macrosoftinc.automation.LoginTest" name="LoginCase2" time="10.222">
    <failure message="expected [My Title] but found [eDriver Client Application]" type="java.lang.AssertionError">java.lang.AssertionError: expected [My Title] but found [eDriver Client Application]
	at org.testng.Assert.fail(Assert.java:94)
	at org.testng.Assert.failNotEquals(Assert.java:496)
	at org.testng.Assert.assertEquals(Assert.java:125)
	at org.testng.Assert.assertEquals(Assert.java:178)
	at org.testng.Assert.assertEquals(Assert.java:188)
	at com.macrosoftinc.automation.LoginTest.LoginCase2(LoginTest.java:43)
</failure>
    <system-out> Executing SAF urls
</system-out>
    <system-err>Starting ChromeDriver 2.40.565498 (ea082db3280dd6843ebfb08a625e3eb905c4f5ab) on port 31382
Only local connections are allowed.
Aug 14, 2018 10:26:27 AM org.openqa.selenium.remote.ProtocolHandshake createSession
INFO: Detected dialect: OSS
</system-err>
  </testcase>
</testsuite>