<?xml version="1.0" encoding="UTF-8"?>
<testng-results skipped="0" failed="0" ignored="0" total="1" passed="1">
  <reporter-output>
  </reporter-output>
  <suite name="Default suite" duration-ms="20499" started-at="2018-08-03T07:55:11Z" finished-at="2018-08-03T07:55:31Z">
    <groups>
    </groups>
    <test name="Default test" duration-ms="20499" started-at="2018-08-03T07:55:11Z" finished-at="2018-08-03T07:55:31Z">
      <class name="com.macrosoftinc.automation.LoginTest">
        <test-method status="PASS" signature="LoginClient()[pri:0, instance:com.macrosoftinc.automation.LoginTest@2ac273d3]" name="LoginClient" duration-ms="20398" started-at="2018-08-03T07:55:11Z" finished-at="2018-08-03T07:55:31Z">
          <reporter-output>
          </reporter-output>
        </test-method> <!-- LoginClient -->
      </class> <!-- com.macrosoftinc.automation.LoginTest -->
    </test> <!-- Default test -->
  </suite> <!-- Default suite -->
</testng-results>
